<?xml version="1.0" encoding="UTF-8"?>
<!-- Generated by org.testng.reporters.JUnitReportReporter -->
<testsuite hostname="LIN-5CG0113H3C" failures="0" tests="2" name="TestNG_Listerner_ExtentReports.TestURlTitle" time="2.611" errors="0" timestamp="2025-04-26T19:51:38 IST" skipped="0">
  <testcase classname="TestNG_Listerner_ExtentReports.TestURlTitle" name="validateUrl" time="0.025"/>
  <testcase classname="TestNG_Listerner_ExtentReports.TestURlTitle" name="launchUrl" time="2.586"/>
</testsuite> <!-- TestNG_Listerner_ExtentReports.TestURlTitle -->
