<?xml version="1.0" encoding="UTF-8"?>
<!-- Generated by org.testng.reporters.JUnitReportReporter -->
<testsuite hostname="LIN-5CG0113H3C" failures="0" tests="1" name="POM_Design_pattern.LoginTest" time="1.165" errors="0" timestamp="2025-02-20T00:47:01 IST" skipped="0">
  <testcase classname="POM_Design_pattern.LoginTest" name="loginTest" time="1.165"/>
</testsuite> <!-- POM_Design_pattern.LoginTest -->
