<?xml version="1.0" encoding="UTF-8"?>
<!-- Generated by org.testng.reporters.JUnitReportReporter -->
<testsuite hostname="LIN-5CG0113H3C" failures="0" tests="1" name="demo_Practice.NewTestng" time="0.009" errors="0" timestamp="2024-12-10T22:14:59 IST" skipped="0">
  <testcase classname="demo_Practice.NewTestng" name="f" time="0.009"/>
</testsuite> <!-- demo_Practice.NewTestng -->
