<?xml version="1.0" encoding="UTF-8"?>
<!-- Generated by org.testng.reporters.JUnitReportReporter -->
<testsuite hostname="LIN-5CG0113H3C" failures="0" tests="3" name="testNGPractice.Groupping.PaymentTest" time="0.003" errors="0" timestamp="2025-04-26T19:52:20 IST" skipped="0">
  <testcase classname="testNGPractice.Groupping.PaymentTest" name="paymentByINR" time="0.001"/>
  <testcase classname="testNGPractice.Groupping.PaymentTest" name="paymentByDoller" time="0.000"/>
  <testcase classname="testNGPractice.Groupping.PaymentTest" name="paymentByYen" time="0.002"/>
</testsuite> <!-- testNGPractice.Groupping.PaymentTest -->
