<?xml version="1.0" encoding="UTF-8"?>
<!-- Generated by org.testng.reporters.JUnitReportReporter -->
<testsuite hostname="LIN-5CG0113H3C" failures="0" tests="3" name="testNGPractice.priority_Dependson" time="0.009" errors="0" timestamp="2025-04-26T18:29:17 IST" skipped="0">
  <testcase classname="testNGPractice.priority_Dependson" name="openurl" time="0.007"/>
  <testcase classname="testNGPractice.priority_Dependson" name="login" time="0.001"/>
  <testcase classname="testNGPractice.priority_Dependson" name="logout" time="0.001"/>
</testsuite> <!-- testNGPractice.priority_Dependson -->
