<?xml version="1.0" encoding="UTF-8"?>
<!-- Generated by org.testng.reporters.JUnitReportReporter -->
<testsuite hostname="LIN-5CG0113H3C" failures="0" tests="3" name="testNGPractice.Groupping.LoginTest" time="0.012" errors="0" timestamp="2025-04-26T19:52:20 IST" skipped="0">
  <testcase classname="testNGPractice.Groupping.LoginTest" name="loginByfacebook" time="0.008"/>
  <testcase classname="testNGPractice.Groupping.LoginTest" name="loginByGoogle" time="0.003"/>
  <testcase classname="testNGPractice.Groupping.LoginTest" name="loginByX" time="0.001"/>
</testsuite> <!-- testNGPractice.Groupping.LoginTest -->
