<?xml version="1.0" encoding="UTF-8"?>
<!-- Generated by org.testng.reporters.JUnitReportReporter -->
<testsuite hostname="LIN-5CG0113H3C" failures="0" tests="2" name="demo_Practice.NewTestngAssetions" time="0.018" errors="0" timestamp="2025-04-26T17:51:28 IST" skipped="0">
  <testcase classname="demo_Practice.NewTestngAssetions" name="softAssertion" time="0.006"/>
  <testcase classname="demo_Practice.NewTestngAssetions" name="hardAssertion" time="0.012"/>
</testsuite> <!-- demo_Practice.NewTestngAssetions -->
