<?xml version="1.0" encoding="UTF-8"?>
<!-- Generated by org.testng.reporters.JUnitReportReporter -->
<testsuite hostname="LIN-5CG0113H3C" failures="0" tests="3" name="demo_Practice.Testng_Practice" time="0.003" errors="0" timestamp="2024-12-10T22:14:59 IST" skipped="0">
  <testcase classname="demo_Practice.Testng_Practice" name="openurl" time="0.001"/>
  <testcase classname="demo_Practice.Testng_Practice" name="login" time="0.001"/>
  <testcase classname="demo_Practice.Testng_Practice" name="logout" time="0.001"/>
</testsuite> <!-- demo_Practice.Testng_Practice -->
